c:\users\user\desktop\pushtogithub\c++\courseprojectsem5\courseprojectsem5\x64\debug\vc143.pdb
c:\users\user\desktop\pushtogithub\c++\courseprojectsem5\courseprojectsem5\x64\debug\vc143.idb
c:\users\user\desktop\pushtogithub\c++\courseprojectsem5\courseprojectsem5\x64\debug\validation.obj
c:\users\user\desktop\pushtogithub\c++\courseprojectsem5\courseprojectsem5\x64\debug\userdto.obj
c:\users\user\desktop\pushtogithub\c++\courseprojectsem5\courseprojectsem5\x64\debug\usercount.obj
c:\users\user\desktop\pushtogithub\c++\courseprojectsem5\courseprojectsem5\x64\debug\user.obj
c:\users\user\desktop\pushtogithub\c++\courseprojectsem5\courseprojectsem5\x64\debug\library.obj
c:\users\user\desktop\pushtogithub\c++\courseprojectsem5\courseprojectsem5\x64\debug\functions.obj
c:\users\user\desktop\pushtogithub\c++\courseprojectsem5\courseprojectsem5\x64\debug\errmessages.obj
c:\users\user\desktop\pushtogithub\c++\courseprojectsem5\courseprojectsem5\x64\debug\courseprojectsem5.obj
c:\users\user\desktop\pushtogithub\c++\courseprojectsem5\courseprojectsem5\x64\debug\carrierdto.obj
c:\users\user\desktop\pushtogithub\c++\courseprojectsem5\courseprojectsem5\x64\debug\carriercount.obj
c:\users\user\desktop\pushtogithub\c++\courseprojectsem5\courseprojectsem5\x64\debug\carrier.obj
c:\users\user\desktop\pushtogithub\c++\courseprojectsem5\x64\debug\courseprojectsem5.exe
c:\users\user\desktop\pushtogithub\c++\courseprojectsem5\courseprojectsem5\x64\debug\courseprojectsem5.ilk
c:\users\user\desktop\pushtogithub\c++\courseprojectsem5\x64\debug\courseprojectsem5.pdb
c:\users\user\desktop\pushtogithub\c++\courseprojectsem5\courseprojectsem5\x64\debug\coursepr.61d7c6fd.tlog\cl.command.1.tlog
c:\users\user\desktop\pushtogithub\c++\courseprojectsem5\courseprojectsem5\x64\debug\coursepr.61d7c6fd.tlog\cl.read.1.tlog
c:\users\user\desktop\pushtogithub\c++\courseprojectsem5\courseprojectsem5\x64\debug\coursepr.61d7c6fd.tlog\cl.write.1.tlog
c:\users\user\desktop\pushtogithub\c++\courseprojectsem5\courseprojectsem5\x64\debug\coursepr.61d7c6fd.tlog\link.command.1.tlog
c:\users\user\desktop\pushtogithub\c++\courseprojectsem5\courseprojectsem5\x64\debug\coursepr.61d7c6fd.tlog\link.read.1.tlog
c:\users\user\desktop\pushtogithub\c++\courseprojectsem5\courseprojectsem5\x64\debug\coursepr.61d7c6fd.tlog\link.write.1.tlog
